<?xml version="1.0" encoding="UTF-8"?>
<coverage generated="1590774427785" clover="3.2.0">
  <project timestamp="1590774427786" name="All files">
    <metrics statements="65" coveredstatements="65" conditionals="16" coveredconditionals="13" methods="9" coveredmethods="9" elements="90" coveredelements="87" complexity="0" loc="65" ncloc="65" packages="4" files="4" classes="4"/>
    <package name="image-operations">
      <metrics statements="57" coveredstatements="57" conditionals="14" coveredconditionals="11" methods="8" coveredmethods="8"/>
      <file name="index.ts" path="C:\Users\geeos\Documents\Github\anton-js\src\image-operations\index.ts">
        <metrics statements="57" coveredstatements="57" conditionals="14" coveredconditionals="11" methods="8" coveredmethods="8"/>
        <line num="13" count="1" type="stmt"/>
        <line num="20" count="191" type="stmt"/>
        <line num="28" count="1" type="stmt"/>
        <line num="31" count="144" type="cond" truecount="2" falsecount="0"/>
        <line num="33" count="132" type="stmt"/>
        <line num="35" count="132" type="stmt"/>
        <line num="37" count="132" type="stmt"/>
        <line num="39" count="33" type="stmt"/>
        <line num="40" count="71" type="stmt"/>
        <line num="42" count="33" type="stmt"/>
        <line num="45" count="33" type="stmt"/>
        <line num="46" count="71" type="stmt"/>
        <line num="48" count="33" type="stmt"/>
        <line num="51" count="33" type="stmt"/>
        <line num="52" count="71" type="stmt"/>
        <line num="54" count="33" type="stmt"/>
        <line num="57" count="33" type="stmt"/>
        <line num="58" count="71" type="stmt"/>
        <line num="60" count="33" type="stmt"/>
        <line num="64" count="132" type="stmt"/>
        <line num="72" count="1" type="stmt"/>
        <line num="76" count="3" type="stmt"/>
        <line num="77" count="3" type="stmt"/>
        <line num="79" count="3" type="stmt"/>
        <line num="80" count="191" type="stmt"/>
        <line num="82" count="191" type="stmt"/>
        <line num="90" count="3" type="stmt"/>
        <line num="97" count="1" type="stmt"/>
        <line num="98" count="1" type="stmt"/>
        <line num="99" count="1" type="stmt"/>
        <line num="100" count="1" type="stmt"/>
        <line num="101" count="1" type="stmt"/>
        <line num="103" count="1" type="stmt"/>
        <line num="105" count="1" type="stmt"/>
        <line num="106" count="2" type="stmt"/>
        <line num="107" count="2" type="stmt"/>
        <line num="108" count="2" type="stmt"/>
        <line num="109" count="2" type="stmt"/>
        <line num="112" count="1" type="stmt"/>
        <line num="125" count="1" type="stmt"/>
        <line num="126" count="1" type="stmt"/>
        <line num="128" count="1" type="stmt"/>
        <line num="135" count="1" type="stmt"/>
        <line num="137" count="2" type="stmt"/>
        <line num="138" count="2" type="stmt"/>
        <line num="139" count="2" type="stmt"/>
        <line num="140" count="2" type="stmt"/>
        <line num="141" count="2" type="stmt"/>
        <line num="143" count="2" type="cond" truecount="1" falsecount="1"/>
        <line num="144" count="2" type="cond" truecount="2" falsecount="0"/>
        <line num="145" count="2" type="cond" truecount="1" falsecount="1"/>
        <line num="146" count="2" type="cond" truecount="1" falsecount="1"/>
        <line num="149" count="1" type="stmt"/>
        <line num="152" count="1" type="stmt"/>
        <line num="153" count="1" type="stmt"/>
        <line num="154" count="1" type="stmt"/>
        <line num="155" count="1" type="stmt"/>
      </file>
    </package>
    <package name="image-operations.@types">
      <metrics statements="2" coveredstatements="2" conditionals="0" coveredconditionals="0" methods="0" coveredmethods="0"/>
      <file name="index.ts" path="C:\Users\geeos\Documents\Github\anton-js\src\image-operations\@types\index.ts">
        <metrics statements="2" coveredstatements="2" conditionals="0" coveredconditionals="0" methods="0" coveredmethods="0"/>
        <line num="13" count="1" type="stmt"/>
        <line num="14" count="1" type="stmt"/>
      </file>
    </package>
    <package name="image-operations.@types.enum">
      <metrics statements="5" coveredstatements="5" conditionals="2" coveredconditionals="2" methods="1" coveredmethods="1"/>
      <file name="index.ts" path="C:\Users\geeos\Documents\Github\anton-js\src\image-operations\@types\enum\index.ts">
        <metrics statements="5" coveredstatements="5" conditionals="2" coveredconditionals="2" methods="1" coveredmethods="1"/>
        <line num="13" count="1" type="cond" truecount="2" falsecount="0"/>
        <line num="14" count="1" type="stmt"/>
        <line num="15" count="1" type="stmt"/>
        <line num="16" count="1" type="stmt"/>
        <line num="17" count="1" type="stmt"/>
      </file>
    </package>
    <package name="image-operations.@types.interface">
      <metrics statements="1" coveredstatements="1" conditionals="0" coveredconditionals="0" methods="0" coveredmethods="0"/>
      <file name="index.ts" path="C:\Users\geeos\Documents\Github\anton-js\src\image-operations\@types\interface\index.ts">
        <metrics statements="1" coveredstatements="1" conditionals="0" coveredconditionals="0" methods="0" coveredmethods="0"/>
        <line num="13" count="1" type="stmt"/>
      </file>
    </package>
  </project>
</coverage>
