{"C:\\Users\\geeos\\Documents\\Github\\anton-js\\src\\image-operations\\index.ts": {"path":"C:\\Users\\geeos\\Documents\\Github\\anton-js\\src\\image-operations\\index.ts","statementMap":{"0":{"start":{"line":13,"column":0},"end":{"line":13,"column":74}},"1":{"start":{"line":20,"column":33},"end":{"line":20,"column":75}},"2":{"start":{"line":20,"column":65},"end":{"line":20,"column":80}},"3":{"start":{"line":28,"column":35},"end":{"line":65,"column":1}},"4":{"start":{"line":31,"column":2},"end":{"line":31,"column":null}},"5":{"start":{"line":33,"column":29},"end":{"line":33,"column":72}},"6":{"start":{"line":35,"column":27},"end":{"line":35,"column":29}},"7":{"start":{"line":37,"column":2},"end":{"line":62,"column":null}},"8":{"start":{"line":39,"column":6},"end":{"line":41,"column":null}},"9":{"start":{"line":39,"column":19},"end":{"line":39,"column":20}},"10":{"start":{"line":40,"column":8},"end":{"line":40,"column":45}},"11":{"start":{"line":42,"column":6},"end":{"line":42,"column":12}},"12":{"start":{"line":45,"column":6},"end":{"line":47,"column":null}},"13":{"start":{"line":45,"column":19},"end":{"line":45,"column":20}},"14":{"start":{"line":46,"column":8},"end":{"line":46,"column":47}},"15":{"start":{"line":48,"column":6},"end":{"line":48,"column":12}},"16":{"start":{"line":51,"column":6},"end":{"line":53,"column":null}},"17":{"start":{"line":51,"column":19},"end":{"line":51,"column":20}},"18":{"start":{"line":52,"column":8},"end":{"line":52,"column":70}},"19":{"start":{"line":54,"column":6},"end":{"line":54,"column":12}},"20":{"start":{"line":57,"column":6},"end":{"line":59,"column":null}},"21":{"start":{"line":57,"column":19},"end":{"line":57,"column":20}},"22":{"start":{"line":58,"column":8},"end":{"line":58,"column":70}},"23":{"start":{"line":60,"column":6},"end":{"line":60,"column":12}},"24":{"start":{"line":64,"column":2},"end":{"line":64,"column":16}},"25":{"start":{"line":152,"column":2},"end":{"line":152,"column":28}},"26":{"start":{"line":72,"column":25},"end":{"line":91,"column":1}},"27":{"start":{"line":76,"column":34},"end":{"line":76,"column":36}},"28":{"start":{"line":77,"column":36},"end":{"line":77,"column":62}},"29":{"start":{"line":79,"column":2},"end":{"line":88,"column":5}},"30":{"start":{"line":80,"column":34},"end":{"line":80,"column":70}},"31":{"start":{"line":82,"column":4},"end":{"line":87,"column":6}},"32":{"start":{"line":90,"column":2},"end":{"line":90,"column":16}},"33":{"start":{"line":153,"column":2},"end":{"line":153,"column":18}},"34":{"start":{"line":97,"column":20},"end":{"line":118,"column":1}},"35":{"start":{"line":98,"column":25},"end":{"line":98,"column":26}},"36":{"start":{"line":99,"column":27},"end":{"line":99,"column":28}},"37":{"start":{"line":100,"column":27},"end":{"line":100,"column":28}},"38":{"start":{"line":101,"column":27},"end":{"line":101,"column":28}},"39":{"start":{"line":103,"column":26},"end":{"line":103,"column":56}},"40":{"start":{"line":105,"column":2},"end":{"line":110,"column":5}},"41":{"start":{"line":106,"column":4},"end":{"line":106,"column":41}},"42":{"start":{"line":107,"column":4},"end":{"line":107,"column":43}},"43":{"start":{"line":108,"column":4},"end":{"line":108,"column":43}},"44":{"start":{"line":109,"column":4},"end":{"line":109,"column":43}},"45":{"start":{"line":112,"column":2},"end":{"line":117,"column":4}},"46":{"start":{"line":154,"column":2},"end":{"line":154,"column":13}},"47":{"start":{"line":125,"column":23},"end":{"line":150,"column":1}},"48":{"start":{"line":126,"column":22},"end":{"line":126,"column":23}},"49":{"start":{"line":128,"column":28},"end":{"line":133,"column":4}},"50":{"start":{"line":135,"column":2},"end":{"line":147,"column":5}},"51":{"start":{"line":141,"column":56},"end":{"line":141,"column":78}},"52":{"start":{"line":137,"column":7},"end":{"line":137,"column":null}},"53":{"start":{"line":138,"column":7},"end":{"line":138,"column":null}},"54":{"start":{"line":139,"column":7},"end":{"line":139,"column":null}},"55":{"start":{"line":140,"column":7},"end":{"line":140,"column":null}},"56":{"start":{"line":143,"column":4},"end":{"line":143,"column":43}},"57":{"start":{"line":144,"column":4},"end":{"line":144,"column":43}},"58":{"start":{"line":145,"column":4},"end":{"line":145,"column":43}},"59":{"start":{"line":146,"column":4},"end":{"line":146,"column":43}},"60":{"start":{"line":149,"column":2},"end":{"line":149,"column":16}},"61":{"start":{"line":155,"column":2},"end":{"line":155,"column":16}}},"fnMap":{"0":{"name":"(anonymous_0)","decl":{"start":{"line":20,"column":33},"end":{"line":20,"column":34}},"loc":{"start":{"line":20,"column":52},"end":{"line":20,"column":75}}},"1":{"name":"(anonymous_1)","decl":{"start":{"line":28,"column":35},"end":{"line":28,"column":null}},"loc":{"start":{"line":31,"column":12},"end":{"line":65,"column":1}}},"2":{"name":"(anonymous_2)","decl":{"start":{"line":72,"column":25},"end":{"line":72,"column":null}},"loc":{"start":{"line":74,"column":22},"end":{"line":91,"column":1}}},"3":{"name":"(anonymous_3)","decl":{"start":{"line":79,"column":22},"end":{"line":79,"column":23}},"loc":{"start":{"line":79,"column":41},"end":{"line":88,"column":3}}},"4":{"name":"(anonymous_4)","decl":{"start":{"line":97,"column":20},"end":{"line":97,"column":21}},"loc":{"start":{"line":97,"column":48},"end":{"line":118,"column":1}}},"5":{"name":"(anonymous_5)","decl":{"start":{"line":105,"column":34},"end":{"line":105,"column":35}},"loc":{"start":{"line":105,"column":53},"end":{"line":110,"column":3}}},"6":{"name":"(anonymous_6)","decl":{"start":{"line":125,"column":23},"end":{"line":125,"column":24}},"loc":{"start":{"line":125,"column":51},"end":{"line":150,"column":1}}},"7":{"name":"(anonymous_7)","decl":{"start":{"line":135,"column":34},"end":{"line":135,"column":35}},"loc":{"start":{"line":135,"column":53},"end":{"line":147,"column":3}}}},"branchMap":{"0":{"loc":{"start":{"line":31,"column":2},"end":{"line":31,"column":null}},"type":"if","locations":[{"start":{"line":31,"column":2},"end":{"line":31,"column":null}},{"start":{"line":31,"column":2},"end":{"line":31,"column":null}}]},"1":{"loc":{"start":{"line":38,"column":4},"end":{"line":43,"column":null}},"type":"switch","locations":[{"start":{"line":38,"column":4},"end":{"line":43,"column":null}},{"start":{"line":44,"column":4},"end":{"line":49,"column":null}},{"start":{"line":50,"column":4},"end":{"line":55,"column":null}},{"start":{"line":56,"column":4},"end":{"line":61,"column":null}}]},"2":{"loc":{"start":{"line":143,"column":30},"end":{"line":143,"column":31}},"type":"cond-expr","locations":[{"start":{"line":143,"column":30},"end":{"line":143,"column":31}},{"start":{"line":143,"column":34},"end":{"line":143,"column":42}}]},"3":{"loc":{"start":{"line":144,"column":30},"end":{"line":144,"column":31}},"type":"cond-expr","locations":[{"start":{"line":144,"column":30},"end":{"line":144,"column":31}},{"start":{"line":144,"column":34},"end":{"line":144,"column":42}}]},"4":{"loc":{"start":{"line":145,"column":30},"end":{"line":145,"column":31}},"type":"cond-expr","locations":[{"start":{"line":145,"column":30},"end":{"line":145,"column":31}},{"start":{"line":145,"column":34},"end":{"line":145,"column":42}}]},"5":{"loc":{"start":{"line":146,"column":30},"end":{"line":146,"column":31}},"type":"cond-expr","locations":[{"start":{"line":146,"column":30},"end":{"line":146,"column":31}},{"start":{"line":146,"column":34},"end":{"line":146,"column":42}}]}},"s":{"0":1,"1":1,"2":191,"3":1,"4":144,"5":132,"6":132,"7":132,"8":33,"9":33,"10":71,"11":33,"12":33,"13":33,"14":71,"15":33,"16":33,"17":33,"18":71,"19":33,"20":33,"21":33,"22":71,"23":33,"24":132,"25":1,"26":1,"27":3,"28":3,"29":3,"30":191,"31":191,"32":3,"33":1,"34":1,"35":1,"36":1,"37":1,"38":1,"39":1,"40":1,"41":2,"42":2,"43":2,"44":2,"45":1,"46":1,"47":1,"48":1,"49":1,"50":1,"51":2,"52":2,"53":2,"54":2,"55":2,"56":2,"57":2,"58":2,"59":2,"60":1,"61":1},"f":{"0":191,"1":132,"2":3,"3":191,"4":1,"5":2,"6":1,"7":2},"b":{"0":[12,120],"1":[33,33,33,33],"2":[2,0],"3":[1,1],"4":[2,0],"5":[2,0]}}
,"C:\\Users\\geeos\\Documents\\Github\\anton-js\\src\\image-operations\\@types\\index.ts": {"path":"C:\\Users\\geeos\\Documents\\Github\\anton-js\\src\\image-operations\\@types\\index.ts","statementMap":{"0":{"start":{"line":13,"column":0},"end":{"line":13,"column":23}},"1":{"start":{"line":14,"column":0},"end":{"line":14,"column":28}}},"fnMap":{},"branchMap":{},"s":{"0":1,"1":1},"f":{},"b":{}}
,"C:\\Users\\geeos\\Documents\\Github\\anton-js\\src\\image-operations\\@types\\enum\\index.ts": {"path":"C:\\Users\\geeos\\Documents\\Github\\anton-js\\src\\image-operations\\@types\\enum\\index.ts","statementMap":{"0":{"start":{"line":13,"column":0},"end":{"line":13,"column":null}},"1":{"start":{"line":14,"column":2},"end":{"line":14,"column":null}},"2":{"start":{"line":15,"column":2},"end":{"line":15,"column":null}},"3":{"start":{"line":16,"column":2},"end":{"line":16,"column":null}},"4":{"start":{"line":17,"column":2},"end":{"line":17,"column":null}}},"fnMap":{"0":{"name":"(anonymous_0)","decl":{"start":{"line":13,"column":0},"end":{"line":13,"column":12}},"loc":{"start":{"line":13,"column":30},"end":{"line":18,"column":1}}}},"branchMap":{"0":{"loc":{"start":{"line":13,"column":12},"end":{"line":13,"column":30}},"type":"binary-expr","locations":[{"start":{"line":13,"column":12},"end":{"line":13,"column":30}},{"start":{"line":13,"column":12},"end":{"line":13,"column":null}}]}},"s":{"0":1,"1":1,"2":1,"3":1,"4":1},"f":{"0":1},"b":{"0":[1,1]}}
,"C:\\Users\\geeos\\Documents\\Github\\anton-js\\src\\image-operations\\@types\\interface\\index.ts": {"path":"C:\\Users\\geeos\\Documents\\Github\\anton-js\\src\\image-operations\\@types\\interface\\index.ts","statementMap":{"0":{"start":{"line":13,"column":0},"end":{"line":13,"column":35}}},"fnMap":{},"branchMap":{},"s":{"0":1},"f":{},"b":{}}
}
