TN:
SF:src\image-operations\index.ts
FN:20,(anonymous_0)
FN:28,(anonymous_1)
FN:72,(anonymous_2)
FN:79,(anonymous_3)
FN:97,(anonymous_4)
FN:105,(anonymous_5)
FN:125,(anonymous_6)
FN:135,(anonymous_7)
FNF:8
FNH:8
FNDA:191,(anonymous_0)
FNDA:132,(anonymous_1)
FNDA:3,(anonymous_2)
FNDA:191,(anonymous_3)
FNDA:1,(anonymous_4)
FNDA:2,(anonymous_5)
FNDA:1,(anonymous_6)
FNDA:2,(anonymous_7)
DA:13,1
DA:20,191
DA:28,1
DA:31,144
DA:33,132
DA:35,132
DA:37,132
DA:39,33
DA:40,71
DA:42,33
DA:45,33
DA:46,71
DA:48,33
DA:51,33
DA:52,71
DA:54,33
DA:57,33
DA:58,71
DA:60,33
DA:64,132
DA:72,1
DA:76,3
DA:77,3
DA:79,3
DA:80,191
DA:82,191
DA:90,3
DA:97,1
DA:98,1
DA:99,1
DA:100,1
DA:101,1
DA:103,1
DA:105,1
DA:106,2
DA:107,2
DA:108,2
DA:109,2
DA:112,1
DA:125,1
DA:126,1
DA:128,1
DA:135,1
DA:137,2
DA:138,2
DA:139,2
DA:140,2
DA:141,2
DA:143,2
DA:144,2
DA:145,2
DA:146,2
DA:149,1
DA:152,1
DA:153,1
DA:154,1
DA:155,1
LF:57
LH:57
BRDA:31,0,0,12
BRDA:31,0,1,120
BRDA:38,1,0,33
BRDA:38,1,1,33
BRDA:38,1,2,33
BRDA:38,1,3,33
BRDA:143,2,0,2
BRDA:143,2,1,0
BRDA:144,3,0,1
BRDA:144,3,1,1
BRDA:145,4,0,2
BRDA:145,4,1,0
BRDA:146,5,0,2
BRDA:146,5,1,0
BRF:14
BRH:11
end_of_record
TN:
SF:src\image-operations\@types\index.ts
FNF:0
FNH:0
DA:13,1
DA:14,1
LF:2
LH:2
BRF:0
BRH:0
end_of_record
TN:
SF:src\image-operations\@types\enum\index.ts
FN:13,(anonymous_0)
FNF:1
FNH:1
FNDA:1,(anonymous_0)
DA:13,1
DA:14,1
DA:15,1
DA:16,1
DA:17,1
LF:5
LH:5
BRDA:13,0,0,1
BRDA:13,0,1,1
BRF:2
BRH:2
end_of_record
TN:
SF:src\image-operations\@types\interface\index.ts
FNF:0
FNH:0
DA:13,1
LF:1
LH:1
BRF:0
BRH:0
end_of_record
